2025-05-21 14:24:10 DEBUG [compose_generator] Starting ComposeConfig build with raw inputs: {'mode': 'backup', 'backups_dir': 'C:\\Users\\eakinwale\\Downloads\\dev_ignition\\backups', 'projects_dir': 'C:\\Users\\eakinwale\\Downloads\\dev_ignition\\projects', 'tags_dir': 'C:\\Users\\eakinwale\\Downloads\\dev_ignition\\tags', 'http_port': '8089', 'https_port': '8043', 'admin_user': 'admin', 'admin_pass': 'default', 'gateway_name': 'dev-gateway', 'edition': 'standard', 'timezone': 'America/Chicago', 'conn_type': 'ethernet', 'device_ip': '192.168.168.30', 'device_port': '47808', 'backup_name': 'backup_with_controller_device_setup.gwbk'}
2025-05-21 14:24:10 INFO [compose_generator] Mode set to: backup
2025-05-21 14:24:10 INFO [compose_generator] Loaded backup: C:\Users\eakinwale\Downloads\dev_ignition\backups\backup_with_controller_device_setup.gwbk
2025-05-21 14:24:10 INFO [compose_generator] Successfully built ComposeConfig: ComposeConfig(mode='backup', backup=Backup(name='backup_with_controller_device_setup.gwbk', path=WindowsPath('C:/Users/eakinwale/Downloads/dev_ignition/backups/backup_with_controller_device_setup.gwbk')), project=None, tag_file=None, http_port=8089, https_port=8043, admin_user='admin', admin_password='default', gateway_name='dev-gateway', edition='standard', timezone='America/Chicago')
2025-05-21 14:24:10 INFO [compose_generator] Rendered compose file to C:\Users\eakinwale\Downloads\dev_ignition\generated\docker-compose.yml
2025-05-21 14:24:10 INFO [compose_generator] Rendered env file to C:\Users\eakinwale\Downloads\dev_ignition\generated\.env
2025-05-21 14:24:10 INFO [docker_manager] Streaming compose up with: docker compose -f C:\Users\eakinwale\Downloads\dev_ignition\generated\docker-compose.yml --env-file C:\Users\eakinwale\Downloads\dev_ignition\generated\.env up
2025-05-21 14:24:12 DEBUG [docker_manager] ComposeUp>  ignition-dev Pulling
2025-05-21 14:24:19 DEBUG [docker_manager] ComposeUp>  ae4686ab34d7 Pulling fs layer
2025-05-21 14:24:19 DEBUG [docker_manager] ComposeUp>  c529bdf74eb1 Pulling fs layer
2025-05-21 14:24:19 DEBUG [docker_manager] ComposeUp>  94aa038500ba Pulling fs layer
2025-05-21 14:24:19 DEBUG [docker_manager] ComposeUp>  4f4fb700ef54 Pulling fs layer
2025-05-21 14:24:19 DEBUG [docker_manager] ComposeUp>  f3a3a69131c7 Pulling fs layer
2025-05-21 14:24:19 DEBUG [docker_manager] ComposeUp>  dff2334154ae Pulling fs layer
2025-05-21 14:24:19 DEBUG [docker_manager] ComposeUp>  59f22902730e Pulling fs layer
2025-05-21 14:24:19 DEBUG [docker_manager] ComposeUp>  30a9c22ae099 Pulling fs layer
2025-05-21 14:24:19 DEBUG [docker_manager] ComposeUp>  ae4686ab34d7 Download complete
2025-05-21 14:24:19 DEBUG [docker_manager] ComposeUp>  c529bdf74eb1 Download complete
2025-05-21 14:24:20 DEBUG [docker_manager] ComposeUp>  94aa038500ba Downloading [>                                                  ]  1.049MB/1.923GB
2025-05-21 14:24:20 DEBUG [docker_manager] ComposeUp>  4f4fb700ef54 Download complete
2025-05-21 14:24:20 DEBUG [docker_manager] ComposeUp>  59f22902730e Download complete
2025-05-21 14:24:20 DEBUG [docker_manager] ComposeUp>  94aa038500ba Downloading [>                                                  ]  2.097MB/1.923GB
2025-05-21 14:24:20 DEBUG [docker_manager] ComposeUp>  94aa038500ba Downloading [>                                                  ]  2.097MB/1.923GB
2025-05-21 14:24:20 DEBUG [docker_manager] ComposeUp>  94aa038500ba Downloading [>                                                  ]  2.097MB/1.923GB
2025-05-21 14:24:20 DEBUG [docker_manager] ComposeUp>  30a9c22ae099 Downloading [=>                                                 ]  1.049MB/29.53MB
2025-05-21 14:24:20 DEBUG [docker_manager] ComposeUp>  dff2334154ae Download complete
2025-05-21 14:24:20 DEBUG [docker_manager] ComposeUp>  94aa038500ba Downloading [>                                                  ]  3.146MB/1.923GB
2025-05-21 14:24:20 DEBUG [docker_manager] ComposeUp>  f3a3a69131c7 Downloading [=>                                                 ]  1.049MB/28.43MB
2025-05-21 14:24:20 DEBUG [docker_manager] ComposeUp>  94aa038500ba Downloading [>                                                  ]  3.146MB/1.923GB
2025-05-21 14:24:20 DEBUG [docker_manager] ComposeUp>  f3a3a69131c7 Downloading [=>                                                 ]  1.049MB/28.43MB
2025-05-21 14:24:20 DEBUG [docker_manager] ComposeUp>  30a9c22ae099 Downloading [=>                                                 ]  1.049MB/29.53MB
2025-05-21 14:24:20 DEBUG [docker_manager] ComposeUp>  f3a3a69131c7 Downloading [=>                                                 ]  1.049MB/28.43MB
2025-05-21 14:24:20 DEBUG [docker_manager] ComposeUp>  30a9c22ae099 Downloading [===>                                               ]  2.097MB/29.53MB
2025-05-21 14:24:20 DEBUG [docker_manager] ComposeUp>  94aa038500ba Downloading [>                                                  ]  3.146MB/1.923GB
2025-05-21 14:24:20 DEBUG [docker_manager] ComposeUp>  94aa038500ba Downloading [>                                                  ]  4.194MB/1.923GB
2025-05-21 14:24:20 DEBUG [docker_manager] ComposeUp>  f3a3a69131c7 Downloading [===>                                               ]  2.097MB/28.43MB
2025-05-21 14:24:20 DEBUG [docker_manager] ComposeUp>  30a9c22ae099 Downloading [===>                                               ]  2.097MB/29.53MB
2025-05-21 14:24:20 DEBUG [docker_manager] ComposeUp>  f3a3a69131c7 Downloading [===>                                               ]  2.097MB/28.43MB
2025-05-21 14:24:20 DEBUG [docker_manager] ComposeUp>  30a9c22ae099 Downloading [===>                                               ]  2.097MB/29.53MB
2025-05-21 14:24:20 DEBUG [docker_manager] ComposeUp>  94aa038500ba Downloading [>                                                  ]  4.194MB/1.923GB
2025-05-21 14:24:20 DEBUG [docker_manager] ComposeUp>  f3a3a69131c7 Downloading [===>                                               ]  2.097MB/28.43MB
2025-05-21 14:24:20 DEBUG [docker_manager] ComposeUp>  30a9c22ae099 Downloading [=====>                                             ]  3.146MB/29.53MB
2025-05-21 14:24:20 DEBUG [docker_manager] ComposeUp>  94aa038500ba Downloading [>                                                  ]  4.194MB/1.923GB
2025-05-21 14:24:21 DEBUG [docker_manager] ComposeUp>  30a9c22ae099 Downloading [=====>                                             ]  3.146MB/29.53MB
2025-05-21 14:24:21 DEBUG [docker_manager] ComposeUp>  94aa038500ba Downloading [>                                                  ]  5.243MB/1.923GB
2025-05-21 14:24:21 DEBUG [docker_manager] ComposeUp>  f3a3a69131c7 Downloading [=====>                                             ]  3.146MB/28.43MB
2025-05-21 14:24:21 DEBUG [docker_manager] ComposeUp>  f3a3a69131c7 Downloading [=====>                                             ]  3.146MB/28.43MB
2025-05-21 14:24:21 DEBUG [docker_manager] ComposeUp>  30a9c22ae099 Downloading [=======>                                           ]  4.194MB/29.53MB
2025-05-21 14:24:21 DEBUG [docker_manager] ComposeUp>  94aa038500ba Downloading [>                                                  ]  5.243MB/1.923GB
2025-05-21 14:24:21 DEBUG [docker_manager] ComposeUp>  f3a3a69131c7 Downloading [=======>                                           ]  4.194MB/28.43MB
2025-05-21 14:24:21 DEBUG [docker_manager] ComposeUp>  30a9c22ae099 Downloading [=======>                                           ]  4.194MB/29.53MB
2025-05-21 14:24:21 DEBUG [docker_manager] ComposeUp>  94aa038500ba Downloading [>                                                  ]  6.291MB/1.923GB
2025-05-21 14:24:21 DEBUG [docker_manager] ComposeUp>  30a9c22ae099 Downloading [=======>                                           ]  4.194MB/29.53MB
2025-05-21 14:24:21 DEBUG [docker_manager] ComposeUp>  94aa038500ba Downloading [>                                                  ]  6.291MB/1.923GB
2025-05-21 14:24:21 DEBUG [docker_manager] ComposeUp>  f3a3a69131c7 Downloading [=======>                                           ]  4.194MB/28.43MB
2025-05-21 14:24:21 DEBUG [docker_manager] ComposeUp>  30a9c22ae099 Downloading [========>                                          ]  5.243MB/29.53MB
2025-05-21 14:24:21 DEBUG [docker_manager] ComposeUp>  94aa038500ba Downloading [>                                                  ]   7.34MB/1.923GB
2025-05-21 14:24:21 DEBUG [docker_manager] ComposeUp>  f3a3a69131c7 Downloading [=======>                                           ]  4.194MB/28.43MB
2025-05-21 14:24:21 DEBUG [docker_manager] ComposeUp>  94aa038500ba Downloading [>                                                  ]   7.34MB/1.923GB
2025-05-21 14:24:21 DEBUG [docker_manager] ComposeUp>  f3a3a69131c7 Downloading [=========>                                         ]  5.243MB/28.43MB
2025-05-21 14:24:21 DEBUG [docker_manager] ComposeUp>  30a9c22ae099 Downloading [========>                                          ]  5.243MB/29.53MB
2025-05-21 14:24:21 DEBUG [docker_manager] ComposeUp>  94aa038500ba Downloading [>                                                  ]   7.34MB/1.923GB
2025-05-21 14:24:21 DEBUG [docker_manager] ComposeUp>  f3a3a69131c7 Downloading [=========>                                         ]  5.243MB/28.43MB
2025-05-21 14:24:21 DEBUG [docker_manager] ComposeUp>  30a9c22ae099 Downloading [==========>                                        ]  6.291MB/29.53MB
2025-05-21 14:24:21 DEBUG [docker_manager] ComposeUp>  f3a3a69131c7 Downloading [=========>                                         ]  5.243MB/28.43MB
2025-05-21 14:24:21 DEBUG [docker_manager] ComposeUp>  30a9c22ae099 Downloading [==========>                                        ]  6.291MB/29.53MB
2025-05-21 14:24:21 DEBUG [docker_manager] ComposeUp>  94aa038500ba Downloading [>                                                  ]  8.389MB/1.923GB
2025-05-21 14:24:21 DEBUG [docker_manager] ComposeUp>  30a9c22ae099 Downloading [==========>                                        ]  6.291MB/29.53MB
2025-05-21 14:24:21 DEBUG [docker_manager] ComposeUp>  94aa038500ba Downloading [>                                                  ]  8.389MB/1.923GB
2025-05-21 14:24:21 DEBUG [docker_manager] ComposeUp>  f3a3a69131c7 Downloading [===========>                                       ]  6.291MB/28.43MB
2025-05-21 14:24:21 DEBUG [docker_manager] ComposeUp>  30a9c22ae099 Downloading [============>                                      ]   7.34MB/29.53MB
2025-05-21 14:24:21 DEBUG [docker_manager] ComposeUp>  94aa038500ba Downloading [>                                                  ]  9.437MB/1.923GB
2025-05-21 14:24:21 DEBUG [docker_manager] ComposeUp>  f3a3a69131c7 Downloading [===========>                                       ]  6.291MB/28.43MB
2025-05-21 14:24:22 DEBUG [docker_manager] ComposeUp>  f3a3a69131c7 Downloading [============>                                      ]   7.34MB/28.43MB
2025-05-21 14:24:22 DEBUG [docker_manager] ComposeUp>  30a9c22ae099 Downloading [============>                                      ]   7.34MB/29.53MB
2025-05-21 14:24:22 DEBUG [docker_manager] ComposeUp>  94aa038500ba Downloading [>                                                  ]  9.437MB/1.923GB
2025-05-21 14:24:22 DEBUG [docker_manager] ComposeUp>  94aa038500ba Downloading [>                                                  ]  9.437MB/1.923GB
2025-05-21 14:24:22 DEBUG [docker_manager] ComposeUp>  f3a3a69131c7 Downloading [============>                                      ]   7.34MB/28.43MB
2025-05-21 14:24:22 DEBUG [docker_manager] ComposeUp>  30a9c22ae099 Downloading [==============>                                    ]  8.389MB/29.53MB
2025-05-21 14:24:22 DEBUG [docker_manager] ComposeUp>  f3a3a69131c7 Downloading [============>                                      ]   7.34MB/28.43MB
2025-05-21 14:24:22 DEBUG [docker_manager] ComposeUp>  30a9c22ae099 Downloading [==============>                                    ]  8.389MB/29.53MB
2025-05-21 14:24:22 DEBUG [docker_manager] ComposeUp>  94aa038500ba Downloading [>                                                  ]  10.49MB/1.923GB
2025-05-21 14:24:22 DEBUG [docker_manager] ComposeUp>  94aa038500ba Downloading [>                                                  ]  10.49MB/1.923GB
2025-05-21 14:24:22 DEBUG [docker_manager] ComposeUp>  f3a3a69131c7 Downloading [==============>                                    ]  8.389MB/28.43MB
2025-05-21 14:24:22 DEBUG [docker_manager] ComposeUp>  30a9c22ae099 Downloading [==============>                                    ]  8.389MB/29.53MB
2025-05-21 14:24:22 DEBUG [docker_manager] ComposeUp>  94aa038500ba Downloading [>                                                  ]  10.49MB/1.923GB
2025-05-21 14:24:22 DEBUG [docker_manager] ComposeUp>  f3a3a69131c7 Downloading [==============>                                    ]  8.389MB/28.43MB
2025-05-21 14:24:22 DEBUG [docker_manager] ComposeUp>  30a9c22ae099 Downloading [===============>                                   ]  9.437MB/29.53MB
2025-05-21 14:24:22 DEBUG [docker_manager] ComposeUp>  f3a3a69131c7 Downloading [================>                                  ]  9.437MB/28.43MB
2025-05-21 14:24:22 DEBUG [docker_manager] ComposeUp>  30a9c22ae099 Downloading [===============>                                   ]  9.437MB/29.53MB
2025-05-21 14:24:22 DEBUG [docker_manager] ComposeUp>  94aa038500ba Downloading [>                                                  ]  11.53MB/1.923GB
2025-05-21 14:24:22 DEBUG [docker_manager] ComposeUp>  94aa038500ba Downloading [>                                                  ]  11.53MB/1.923GB
2025-05-21 14:24:22 DEBUG [docker_manager] ComposeUp>  f3a3a69131c7 Downloading [================>                                  ]  9.437MB/28.43MB
2025-05-21 14:24:22 DEBUG [docker_manager] ComposeUp>  30a9c22ae099 Downloading [=================>                                 ]  10.49MB/29.53MB
2025-05-21 14:24:22 DEBUG [docker_manager] ComposeUp>  30a9c22ae099 Downloading [=================>                                 ]  10.49MB/29.53MB
2025-05-21 14:24:22 DEBUG [docker_manager] ComposeUp>  94aa038500ba Downloading [>                                                  ]  12.58MB/1.923GB
2025-05-21 14:24:22 DEBUG [docker_manager] ComposeUp>  f3a3a69131c7 Downloading [================>                                  ]  9.437MB/28.43MB
2025-05-21 14:24:22 DEBUG [docker_manager] ComposeUp>  f3a3a69131c7 Downloading [==================>                                ]  10.49MB/28.43MB
2025-05-21 14:24:22 DEBUG [docker_manager] ComposeUp>  30a9c22ae099 Downloading [=================>                                 ]  10.49MB/29.53MB
2025-05-21 14:24:22 DEBUG [docker_manager] ComposeUp>  94aa038500ba Downloading [>                                                  ]  12.58MB/1.923GB
2025-05-21 14:24:22 DEBUG [docker_manager] ComposeUp>  f3a3a69131c7 Downloading [==================>                                ]  10.49MB/28.43MB
2025-05-21 14:24:22 DEBUG [docker_manager] ComposeUp>  30a9c22ae099 Downloading [===================>                               ]  11.53MB/29.53MB
2025-05-21 14:24:22 DEBUG [docker_manager] ComposeUp>  94aa038500ba Downloading [>                                                  ]  13.63MB/1.923GB
2025-05-21 14:24:23 DEBUG [docker_manager] ComposeUp>  94aa038500ba Downloading [>                                                  ]  13.63MB/1.923GB
2025-05-21 14:24:23 DEBUG [docker_manager] ComposeUp>  f3a3a69131c7 Downloading [====================>                              ]  11.53MB/28.43MB
2025-05-21 14:24:23 DEBUG [docker_manager] ComposeUp>  30a9c22ae099 Downloading [===================>                               ]  11.53MB/29.53MB
2025-05-21 14:24:23 DEBUG [docker_manager] ComposeUp>  f3a3a69131c7 Downloading [====================>                              ]  11.53MB/28.43MB
2025-05-21 14:24:23 DEBUG [docker_manager] ComposeUp>  30a9c22ae099 Downloading [=====================>                             ]  12.58MB/29.53MB
2025-05-21 14:24:23 DEBUG [docker_manager] ComposeUp>  94aa038500ba Downloading [>                                                  ]  13.63MB/1.923GB
2025-05-21 14:24:23 DEBUG [docker_manager] ComposeUp>  f3a3a69131c7 Downloading [======================>                            ]  12.58MB/28.43MB
2025-05-21 14:24:23 DEBUG [docker_manager] ComposeUp>  30a9c22ae099 Downloading [=====================>                             ]  12.58MB/29.53MB
2025-05-21 14:24:23 DEBUG [docker_manager] ComposeUp>  94aa038500ba Downloading [>                                                  ]  14.68MB/1.923GB
2025-05-21 14:24:23 DEBUG [docker_manager] ComposeUp>  f3a3a69131c7 Downloading [======================>                            ]  12.58MB/28.43MB
2025-05-21 14:24:23 DEBUG [docker_manager] ComposeUp>  30a9c22ae099 Downloading [=====================>                             ]  12.58MB/29.53MB
2025-05-21 14:24:23 DEBUG [docker_manager] ComposeUp>  94aa038500ba Downloading [>                                                  ]  14.68MB/1.923GB
2025-05-21 14:24:23 DEBUG [docker_manager] ComposeUp>  f3a3a69131c7 Downloading [======================>                            ]  12.58MB/28.43MB
2025-05-21 14:24:23 DEBUG [docker_manager] ComposeUp>  30a9c22ae099 Downloading [=======================>                           ]  13.63MB/29.53MB
2025-05-21 14:24:23 DEBUG [docker_manager] ComposeUp>  94aa038500ba Downloading [>                                                  ]  14.68MB/1.923GB
2025-05-21 14:24:23 DEBUG [docker_manager] ComposeUp>  f3a3a69131c7 Downloading [=======================>                           ]  13.63MB/28.43MB
2025-05-21 14:24:23 DEBUG [docker_manager] ComposeUp>  30a9c22ae099 Downloading [=======================>                           ]  13.63MB/29.53MB
2025-05-21 14:24:23 DEBUG [docker_manager] ComposeUp>  94aa038500ba Downloading [>                                                  ]  15.73MB/1.923GB
2025-05-21 14:24:23 DEBUG [docker_manager] ComposeUp>  f3a3a69131c7 Downloading [=======================>                           ]  13.63MB/28.43MB
2025-05-21 14:24:23 DEBUG [docker_manager] ComposeUp>  30a9c22ae099 Downloading [========================>                          ]  14.68MB/29.53MB
2025-05-21 14:24:23 DEBUG [docker_manager] ComposeUp>  94aa038500ba Downloading [>                                                  ]  15.73MB/1.923GB
2025-05-21 14:24:23 DEBUG [docker_manager] ComposeUp>  f3a3a69131c7 Downloading [=======================>                           ]  13.63MB/28.43MB
2025-05-21 14:24:23 DEBUG [docker_manager] ComposeUp>  30a9c22ae099 Downloading [========================>                          ]  14.68MB/29.53MB
2025-05-21 14:24:23 DEBUG [docker_manager] ComposeUp>  94aa038500ba Downloading [>                                                  ]  16.78MB/1.923GB
2025-05-21 14:24:23 DEBUG [docker_manager] ComposeUp>  f3a3a69131c7 Downloading [=========================>                         ]  14.68MB/28.43MB
2025-05-21 14:24:23 DEBUG [docker_manager] ComposeUp>  30a9c22ae099 Downloading [========================>                          ]  14.68MB/29.53MB
2025-05-21 14:24:23 DEBUG [docker_manager] ComposeUp>  94aa038500ba Downloading [>                                                  ]  16.78MB/1.923GB
2025-05-21 14:24:23 DEBUG [docker_manager] ComposeUp>  f3a3a69131c7 Downloading [=========================>                         ]  14.68MB/28.43MB
2025-05-21 14:24:23 DEBUG [docker_manager] ComposeUp>  30a9c22ae099 Downloading [==========================>                        ]  15.73MB/29.53MB
2025-05-21 14:24:23 DEBUG [docker_manager] ComposeUp>  94aa038500ba Downloading [>                                                  ]  16.78MB/1.923GB
2025-05-21 14:24:24 DEBUG [docker_manager] ComposeUp>  f3a3a69131c7 Downloading [=========================>                         ]  14.68MB/28.43MB
2025-05-21 14:24:24 DEBUG [docker_manager] ComposeUp>  30a9c22ae099 Downloading [==========================>                        ]  15.73MB/29.53MB
2025-05-21 14:24:24 DEBUG [docker_manager] ComposeUp>  94aa038500ba Downloading [>                                                  ]  17.83MB/1.923GB
2025-05-21 14:24:24 DEBUG [docker_manager] ComposeUp>  f3a3a69131c7 Downloading [===========================>                       ]  15.73MB/28.43MB
2025-05-21 14:24:24 DEBUG [docker_manager] ComposeUp>  30a9c22ae099 Downloading [==========================>                        ]  15.73MB/29.53MB
2025-05-21 14:24:24 DEBUG [docker_manager] ComposeUp>  94aa038500ba Downloading [>                                                  ]  17.83MB/1.923GB
2025-05-21 14:24:24 DEBUG [docker_manager] ComposeUp>  f3a3a69131c7 Downloading [===========================>                       ]  15.73MB/28.43MB
2025-05-21 14:24:24 DEBUG [docker_manager] ComposeUp>  30a9c22ae099 Downloading [============================>                      ]  16.78MB/29.53MB
2025-05-21 14:24:24 DEBUG [docker_manager] ComposeUp>  94aa038500ba Downloading [>                                                  ]  17.83MB/1.923GB
2025-05-21 14:24:24 DEBUG [docker_manager] ComposeUp>  f3a3a69131c7 Downloading [===========================>                       ]  15.73MB/28.43MB
2025-05-21 14:24:24 DEBUG [docker_manager] ComposeUp>  30a9c22ae099 Downloading [============================>                      ]  16.78MB/29.53MB
2025-05-21 14:24:24 DEBUG [docker_manager] ComposeUp>  94aa038500ba Downloading [>                                                  ]  18.87MB/1.923GB
2025-05-21 14:24:24 DEBUG [docker_manager] ComposeUp>  f3a3a69131c7 Downloading [=============================>                     ]  16.78MB/28.43MB
2025-05-21 14:24:24 DEBUG [docker_manager] ComposeUp>  30a9c22ae099 Downloading [============================>                      ]  16.78MB/29.53MB
2025-05-21 14:24:24 DEBUG [docker_manager] ComposeUp>  94aa038500ba Downloading [>                                                  ]  18.87MB/1.923GB
2025-05-21 14:24:24 DEBUG [docker_manager] ComposeUp>  f3a3a69131c7 Downloading [=============================>                     ]  16.78MB/28.43MB
2025-05-21 14:24:24 DEBUG [docker_manager] ComposeUp>  30a9c22ae099 Downloading [==============================>                    ]  17.83MB/29.53MB
2025-05-21 14:24:24 DEBUG [docker_manager] ComposeUp>  94aa038500ba Downloading [>                                                  ]  18.87MB/1.923GB
2025-05-21 14:24:24 DEBUG [docker_manager] ComposeUp>  94aa038500ba Downloading [>                                                  ]  19.92MB/1.923GB
2025-05-21 14:24:24 DEBUG [docker_manager] ComposeUp>  f3a3a69131c7 Downloading [=============================>                     ]  16.78MB/28.43MB
2025-05-21 14:24:24 DEBUG [docker_manager] ComposeUp>  30a9c22ae099 Downloading [==============================>                    ]  17.83MB/29.53MB
2025-05-21 14:24:24 DEBUG [docker_manager] ComposeUp>  f3a3a69131c7 Downloading [===============================>                   ]  17.83MB/28.43MB
2025-05-21 14:24:24 DEBUG [docker_manager] ComposeUp>  30a9c22ae099 Downloading [==============================>                    ]  17.83MB/29.53MB
2025-05-21 14:24:24 DEBUG [docker_manager] ComposeUp>  94aa038500ba Downloading [>                                                  ]  19.92MB/1.923GB
2025-05-21 14:24:24 DEBUG [docker_manager] ComposeUp>  30a9c22ae099 Downloading [===============================>                   ]  18.87MB/29.53MB
2025-05-21 14:24:24 DEBUG [docker_manager] ComposeUp>  94aa038500ba Downloading [>                                                  ]  19.92MB/1.923GB
2025-05-21 14:24:24 DEBUG [docker_manager] ComposeUp>  f3a3a69131c7 Downloading [===============================>                   ]  17.83MB/28.43MB
2025-05-21 14:24:24 DEBUG [docker_manager] ComposeUp>  f3a3a69131c7 Downloading [=================================>                 ]  18.87MB/28.43MB
2025-05-21 14:24:24 DEBUG [docker_manager] ComposeUp>  30a9c22ae099 Downloading [===============================>                   ]  18.87MB/29.53MB
2025-05-21 14:24:24 DEBUG [docker_manager] ComposeUp>  94aa038500ba Downloading [>                                                  ]  20.97MB/1.923GB
2025-05-21 14:24:25 DEBUG [docker_manager] ComposeUp>  f3a3a69131c7 Downloading [=================================>                 ]  18.87MB/28.43MB
2025-05-21 14:24:25 DEBUG [docker_manager] ComposeUp>  30a9c22ae099 Downloading [=================================>                 ]  19.92MB/29.53MB
2025-05-21 14:24:25 DEBUG [docker_manager] ComposeUp>  94aa038500ba Downloading [>                                                  ]  20.97MB/1.923GB
2025-05-21 14:24:25 DEBUG [docker_manager] ComposeUp>  94aa038500ba Downloading [>                                                  ]  22.02MB/1.923GB
2025-05-21 14:24:25 DEBUG [docker_manager] ComposeUp>  f3a3a69131c7 Downloading [===================================>               ]  19.92MB/28.43MB
2025-05-21 14:24:25 DEBUG [docker_manager] ComposeUp>  30a9c22ae099 Downloading [=================================>                 ]  19.92MB/29.53MB
2025-05-21 14:24:25 DEBUG [docker_manager] ComposeUp>  f3a3a69131c7 Downloading [===================================>               ]  19.92MB/28.43MB
2025-05-21 14:24:25 DEBUG [docker_manager] ComposeUp>  30a9c22ae099 Downloading [=================================>                 ]  19.92MB/29.53MB
2025-05-21 14:24:25 DEBUG [docker_manager] ComposeUp>  94aa038500ba Downloading [>                                                  ]  22.02MB/1.923GB
2025-05-21 14:24:25 DEBUG [docker_manager] ComposeUp>  94aa038500ba Downloading [>                                                  ]  22.02MB/1.923GB
2025-05-21 14:24:25 DEBUG [docker_manager] ComposeUp>  f3a3a69131c7 Downloading [===================================>               ]  19.92MB/28.43MB
2025-05-21 14:24:25 DEBUG [docker_manager] ComposeUp>  30a9c22ae099 Downloading [===================================>               ]  20.97MB/29.53MB
2025-05-21 14:24:25 DEBUG [docker_manager] ComposeUp>  94aa038500ba Downloading [>                                                  ]  23.07MB/1.923GB
2025-05-21 14:24:25 DEBUG [docker_manager] ComposeUp>  f3a3a69131c7 Downloading [====================================>              ]  20.97MB/28.43MB
2025-05-21 14:24:25 DEBUG [docker_manager] ComposeUp>  30a9c22ae099 Downloading [===================================>               ]  20.97MB/29.53MB
2025-05-21 14:24:25 DEBUG [docker_manager] ComposeUp>  f3a3a69131c7 Downloading [====================================>              ]  20.97MB/28.43MB
2025-05-21 14:24:25 DEBUG [docker_manager] ComposeUp>  30a9c22ae099 Downloading [=====================================>             ]  22.02MB/29.53MB
2025-05-21 14:24:25 DEBUG [docker_manager] ComposeUp>  94aa038500ba Downloading [>                                                  ]  23.07MB/1.923GB
2025-05-21 14:24:25 DEBUG [docker_manager] ComposeUp>  f3a3a69131c7 Downloading [======================================>            ]  22.02MB/28.43MB
2025-05-21 14:24:25 DEBUG [docker_manager] ComposeUp>  30a9c22ae099 Downloading [=====================================>             ]  22.02MB/29.53MB
2025-05-21 14:24:25 DEBUG [docker_manager] ComposeUp>  94aa038500ba Downloading [>                                                  ]  24.12MB/1.923GB
2025-05-21 14:24:25 DEBUG [docker_manager] ComposeUp>  94aa038500ba Downloading [>                                                  ]  24.12MB/1.923GB
2025-05-21 14:24:25 DEBUG [docker_manager] ComposeUp>  f3a3a69131c7 Downloading [======================================>            ]  22.02MB/28.43MB
2025-05-21 14:24:25 DEBUG [docker_manager] ComposeUp>  30a9c22ae099 Downloading [=====================================>             ]  22.02MB/29.53MB
2025-05-21 14:24:25 DEBUG [docker_manager] ComposeUp>  94aa038500ba Downloading [>                                                  ]  24.12MB/1.923GB
2025-05-21 14:24:25 DEBUG [docker_manager] ComposeUp>  f3a3a69131c7 Downloading [======================================>            ]  22.02MB/28.43MB
2025-05-21 14:24:25 DEBUG [docker_manager] ComposeUp>  30a9c22ae099 Downloading [=======================================>           ]  23.07MB/29.53MB
2025-05-21 14:24:25 DEBUG [docker_manager] ComposeUp>  94aa038500ba Downloading [>                                                  ]  25.17MB/1.923GB
2025-05-21 14:24:25 DEBUG [docker_manager] ComposeUp>  f3a3a69131c7 Downloading [========================================>          ]  23.07MB/28.43MB
2025-05-21 14:24:25 DEBUG [docker_manager] ComposeUp>  30a9c22ae099 Downloading [=======================================>           ]  23.07MB/29.53MB
2025-05-21 14:24:26 DEBUG [docker_manager] ComposeUp>  f3a3a69131c7 Downloading [========================================>          ]  23.07MB/28.43MB
2025-05-21 14:24:26 DEBUG [docker_manager] ComposeUp>  30a9c22ae099 Downloading [========================================>          ]  24.12MB/29.53MB
2025-05-21 14:24:26 DEBUG [docker_manager] ComposeUp>  94aa038500ba Downloading [>                                                  ]  25.17MB/1.923GB
2025-05-21 14:24:26 DEBUG [docker_manager] ComposeUp>  30a9c22ae099 Downloading [========================================>          ]  24.12MB/29.53MB
2025-05-21 14:24:26 DEBUG [docker_manager] ComposeUp>  94aa038500ba Downloading [>                                                  ]  26.21MB/1.923GB
2025-05-21 14:24:26 DEBUG [docker_manager] ComposeUp>  f3a3a69131c7 Downloading [==========================================>        ]  24.12MB/28.43MB
2025-05-21 14:24:26 DEBUG [docker_manager] ComposeUp>  f3a3a69131c7 Downloading [==========================================>        ]  24.12MB/28.43MB
2025-05-21 14:24:26 DEBUG [docker_manager] ComposeUp>  30a9c22ae099 Downloading [========================================>          ]  24.12MB/29.53MB
2025-05-21 14:24:26 DEBUG [docker_manager] ComposeUp>  94aa038500ba Downloading [>                                                  ]  26.21MB/1.923GB
2025-05-21 14:24:26 DEBUG [docker_manager] ComposeUp>  94aa038500ba Downloading [>                                                  ]  26.21MB/1.923GB
2025-05-21 14:24:26 DEBUG [docker_manager] ComposeUp>  f3a3a69131c7 Downloading [==========================================>        ]  24.12MB/28.43MB
2025-05-21 14:24:26 DEBUG [docker_manager] ComposeUp>  30a9c22ae099 Downloading [==========================================>        ]  25.17MB/29.53MB
2025-05-21 14:24:26 DEBUG [docker_manager] ComposeUp>  f3a3a69131c7 Downloading [============================================>      ]  25.17MB/28.43MB
2025-05-21 14:24:26 DEBUG [docker_manager] ComposeUp>  30a9c22ae099 Downloading [==========================================>        ]  25.17MB/29.53MB
2025-05-21 14:24:26 DEBUG [docker_manager] ComposeUp>  94aa038500ba Downloading [>                                                  ]  27.26MB/1.923GB
2025-05-21 14:24:26 DEBUG [docker_manager] ComposeUp>  f3a3a69131c7 Downloading [============================================>      ]  25.17MB/28.43MB
2025-05-21 14:24:26 DEBUG [docker_manager] ComposeUp>  30a9c22ae099 Downloading [============================================>      ]  26.21MB/29.53MB
2025-05-21 14:24:26 DEBUG [docker_manager] ComposeUp>  94aa038500ba Downloading [>                                                  ]  27.26MB/1.923GB
2025-05-21 14:24:26 DEBUG [docker_manager] ComposeUp>  f3a3a69131c7 Downloading [==============================================>    ]  26.21MB/28.43MB
2025-05-21 14:24:26 DEBUG [docker_manager] ComposeUp>  30a9c22ae099 Downloading [============================================>      ]  26.21MB/29.53MB
2025-05-21 14:24:26 DEBUG [docker_manager] ComposeUp>  94aa038500ba Downloading [>                                                  ]  28.31MB/1.923GB
2025-05-21 14:24:26 DEBUG [docker_manager] ComposeUp>  94aa038500ba Downloading [>                                                  ]  28.31MB/1.923GB
2025-05-21 14:24:26 DEBUG [docker_manager] ComposeUp>  f3a3a69131c7 Downloading [==============================================>    ]  26.21MB/28.43MB
2025-05-21 14:24:26 DEBUG [docker_manager] ComposeUp>  30a9c22ae099 Downloading [==============================================>    ]  27.26MB/29.53MB
2025-05-21 14:24:26 DEBUG [docker_manager] ComposeUp>  94aa038500ba Downloading [>                                                  ]  28.31MB/1.923GB
2025-05-21 14:24:26 DEBUG [docker_manager] ComposeUp>  f3a3a69131c7 Downloading [==============================================>    ]  26.21MB/28.43MB
2025-05-21 14:24:26 DEBUG [docker_manager] ComposeUp>  30a9c22ae099 Downloading [==============================================>    ]  27.26MB/29.53MB
2025-05-21 14:24:26 DEBUG [docker_manager] ComposeUp>  f3a3a69131c7 Downloading [===============================================>   ]  27.26MB/28.43MB
2025-05-21 14:24:26 DEBUG [docker_manager] ComposeUp>  30a9c22ae099 Downloading [==============================================>    ]  27.26MB/29.53MB
2025-05-21 14:24:26 DEBUG [docker_manager] ComposeUp>  94aa038500ba Downloading [>                                                  ]  29.36MB/1.923GB
2025-05-21 14:24:27 DEBUG [docker_manager] ComposeUp>  94aa038500ba Downloading [>                                                  ]  29.36MB/1.923GB
2025-05-21 14:24:27 DEBUG [docker_manager] ComposeUp>  f3a3a69131c7 Downloading [===============================================>   ]  27.26MB/28.43MB
2025-05-21 14:24:27 DEBUG [docker_manager] ComposeUp>  30a9c22ae099 Downloading [===============================================>   ]  28.31MB/29.53MB
2025-05-21 14:24:27 DEBUG [docker_manager] ComposeUp>  f3a3a69131c7 Downloading [=================================================> ]  28.31MB/28.43MB
2025-05-21 14:24:27 DEBUG [docker_manager] ComposeUp>  30a9c22ae099 Downloading [===============================================>   ]  28.31MB/29.53MB
2025-05-21 14:24:27 DEBUG [docker_manager] ComposeUp>  94aa038500ba Downloading [>                                                  ]  30.41MB/1.923GB
2025-05-21 14:24:27 DEBUG [docker_manager] ComposeUp>  f3a3a69131c7 Download complete
2025-05-21 14:24:27 DEBUG [docker_manager] ComposeUp>  30a9c22ae099 Downloading [==================================================>]  29.53MB/29.53MB
2025-05-21 14:24:27 DEBUG [docker_manager] ComposeUp>  94aa038500ba Downloading [>                                                  ]  30.41MB/1.923GB
2025-05-21 14:24:27 DEBUG [docker_manager] ComposeUp>  30a9c22ae099 Download complete
2025-05-21 14:24:27 DEBUG [docker_manager] ComposeUp>  94aa038500ba Downloading [>                                                  ]  31.46MB/1.923GB
2025-05-21 14:24:27 DEBUG [docker_manager] ComposeUp>  30a9c22ae099 Extracting 1 s
2025-05-21 14:24:27 DEBUG [docker_manager] ComposeUp>  94aa038500ba Downloading [>                                                  ]  33.55MB/1.923GB
2025-05-21 14:24:27 DEBUG [docker_manager] ComposeUp>  30a9c22ae099 Extracting 1 s
2025-05-21 14:24:27 DEBUG [docker_manager] ComposeUp>  94aa038500ba Downloading [>                                                  ]   34.6MB/1.923GB
2025-05-21 14:24:27 DEBUG [docker_manager] ComposeUp>  30a9c22ae099 Extracting 1 s
2025-05-21 14:24:27 DEBUG [docker_manager] ComposeUp>  94aa038500ba Downloading [>                                                  ]   36.7MB/1.923GB
2025-05-21 14:24:27 DEBUG [docker_manager] ComposeUp>  30a9c22ae099 Extracting 1 s
2025-05-21 14:24:27 DEBUG [docker_manager] ComposeUp>  94aa038500ba Downloading [>                                                  ]  37.75MB/1.923GB
2025-05-21 14:24:27 DEBUG [docker_manager] ComposeUp>  30a9c22ae099 Extracting 1 s
2025-05-21 14:24:27 DEBUG [docker_manager] ComposeUp>  94aa038500ba Downloading [=>                                                 ]   38.8MB/1.923GB
2025-05-21 14:24:27 DEBUG [docker_manager] ComposeUp>  30a9c22ae099 Extracting 1 s
2025-05-21 14:24:27 DEBUG [docker_manager] ComposeUp>  94aa038500ba Downloading [=>                                                 ]  39.85MB/1.923GB
2025-05-21 14:24:27 DEBUG [docker_manager] ComposeUp>  f3a3a69131c7 Extracting 1 s
2025-05-21 14:24:27 DEBUG [docker_manager] ComposeUp>  30a9c22ae099 Pull complete
2025-05-21 14:24:28 DEBUG [docker_manager] ComposeUp>  94aa038500ba Downloading [=>                                                 ]  41.94MB/1.923GB
2025-05-21 14:24:28 DEBUG [docker_manager] ComposeUp>  f3a3a69131c7 Extracting 1 s
2025-05-21 14:24:28 DEBUG [docker_manager] ComposeUp>  94aa038500ba Downloading [=>                                                 ]  42.99MB/1.923GB
2025-05-21 14:24:28 DEBUG [docker_manager] ComposeUp>  f3a3a69131c7 Extracting 1 s
2025-05-21 14:24:28 DEBUG [docker_manager] ComposeUp>  94aa038500ba Downloading [=>                                                 ]  44.04MB/1.923GB
2025-05-21 14:24:28 DEBUG [docker_manager] ComposeUp>  f3a3a69131c7 Extracting 1 s
2025-05-21 14:24:28 DEBUG [docker_manager] ComposeUp>  94aa038500ba Downloading [=>                                                 ]  46.14MB/1.923GB
2025-05-21 14:24:28 DEBUG [docker_manager] ComposeUp>  f3a3a69131c7 Extracting 1 s
2025-05-21 14:24:28 DEBUG [docker_manager] ComposeUp>  94aa038500ba Downloading [=>                                                 ]  47.19MB/1.923GB
2025-05-21 14:24:28 DEBUG [docker_manager] ComposeUp>  f3a3a69131c7 Pull complete
2025-05-21 14:24:28 DEBUG [docker_manager] ComposeUp>  94aa038500ba Downloading [=>                                                 ]  48.23MB/1.923GB
2025-05-21 14:24:28 DEBUG [docker_manager] ComposeUp>  c529bdf74eb1 Pull complete
2025-05-21 14:24:28 DEBUG [docker_manager] ComposeUp>  4f4fb700ef54 Pull complete
2025-05-21 14:24:28 DEBUG [docker_manager] ComposeUp>  94aa038500ba Downloading [=>                                                 ]  49.28MB/1.923GB
2025-05-21 14:24:28 DEBUG [docker_manager] ComposeUp>  94aa038500ba Downloading [=>                                                 ]  50.33MB/1.923GB
2025-05-21 14:24:28 DEBUG [docker_manager] ComposeUp>  94aa038500ba Downloading [=>                                                 ]  51.38MB/1.923GB
2025-05-21 14:24:28 DEBUG [docker_manager] ComposeUp>  94aa038500ba Downloading [=>                                                 ]  52.43MB/1.923GB
2025-05-21 14:24:29 DEBUG [docker_manager] ComposeUp>  94aa038500ba Downloading [=>                                                 ]  53.48MB/1.923GB
2025-05-21 14:24:29 DEBUG [docker_manager] ComposeUp>  94aa038500ba Downloading [=>                                                 ]  54.53MB/1.923GB
2025-05-21 14:24:29 DEBUG [docker_manager] ComposeUp>  94aa038500ba Downloading [=>                                                 ]  55.57MB/1.923GB
2025-05-21 14:24:29 DEBUG [docker_manager] ComposeUp>  94aa038500ba Downloading [=>                                                 ]  56.62MB/1.923GB
2025-05-21 14:24:29 DEBUG [docker_manager] ComposeUp>  94aa038500ba Downloading [=>                                                 ]  57.67MB/1.923GB
2025-05-21 14:24:29 DEBUG [docker_manager] ComposeUp>  94aa038500ba Downloading [=>                                                 ]  58.72MB/1.923GB
2025-05-21 14:24:29 DEBUG [docker_manager] ComposeUp>  94aa038500ba Downloading [=>                                                 ]  59.77MB/1.923GB
2025-05-21 14:24:29 DEBUG [docker_manager] ComposeUp>  94aa038500ba Downloading [=>                                                 ]  60.82MB/1.923GB
2025-05-21 14:24:29 DEBUG [docker_manager] ComposeUp>  94aa038500ba Downloading [=>                                                 ]  61.87MB/1.923GB
2025-05-21 14:24:29 DEBUG [docker_manager] ComposeUp>  94aa038500ba Downloading [=>                                                 ]  62.91MB/1.923GB
2025-05-21 14:24:30 DEBUG [docker_manager] ComposeUp>  94aa038500ba Downloading [=>                                                 ]  63.96MB/1.923GB
2025-05-21 14:24:30 DEBUG [docker_manager] ComposeUp>  94aa038500ba Downloading [=>                                                 ]  65.01MB/1.923GB
2025-05-21 14:24:30 DEBUG [docker_manager] ComposeUp>  94aa038500ba Downloading [=>                                                 ]  66.06MB/1.923GB
2025-05-21 14:24:30 DEBUG [docker_manager] ComposeUp>  94aa038500ba Downloading [=>                                                 ]  68.16MB/1.923GB
2025-05-21 14:24:30 DEBUG [docker_manager] ComposeUp>  94aa038500ba Downloading [=>                                                 ]  68.16MB/1.923GB
2025-05-21 14:24:30 DEBUG [docker_manager] ComposeUp>  94aa038500ba Downloading [=>                                                 ]  69.21MB/1.923GB
2025-05-21 14:24:30 DEBUG [docker_manager] ComposeUp>  94aa038500ba Downloading [=>                                                 ]  70.25MB/1.923GB
2025-05-21 14:24:30 DEBUG [docker_manager] ComposeUp>  94aa038500ba Downloading [=>                                                 ]   71.3MB/1.923GB
2025-05-21 14:24:30 DEBUG [docker_manager] ComposeUp>  94aa038500ba Downloading [=>                                                 ]  72.35MB/1.923GB
2025-05-21 14:24:30 DEBUG [docker_manager] ComposeUp>  94aa038500ba Downloading [=>                                                 ]   73.4MB/1.923GB
2025-05-21 14:24:31 DEBUG [docker_manager] ComposeUp>  94aa038500ba Downloading [=>                                                 ]  74.45MB/1.923GB
2025-05-21 14:24:31 DEBUG [docker_manager] ComposeUp>  94aa038500ba Downloading [=>                                                 ]   75.5MB/1.923GB
2025-05-21 14:24:31 DEBUG [docker_manager] ComposeUp>  94aa038500ba Downloading [=>                                                 ]  76.55MB/1.923GB
2025-05-21 14:24:31 DEBUG [docker_manager] ComposeUp>  94aa038500ba Downloading [==>                                                ]  77.59MB/1.923GB
2025-05-21 14:24:31 DEBUG [docker_manager] ComposeUp>  94aa038500ba Downloading [==>                                                ]  78.64MB/1.923GB
2025-05-21 14:24:31 DEBUG [docker_manager] ComposeUp>  94aa038500ba Downloading [==>                                                ]  79.69MB/1.923GB
2025-05-21 14:24:31 DEBUG [docker_manager] ComposeUp>  94aa038500ba Downloading [==>                                                ]  80.74MB/1.923GB
2025-05-21 14:24:31 DEBUG [docker_manager] ComposeUp>  94aa038500ba Downloading [==>                                                ]  81.79MB/1.923GB
2025-05-21 14:24:31 DEBUG [docker_manager] ComposeUp>  94aa038500ba Downloading [==>                                                ]  82.84MB/1.923GB
2025-05-21 14:24:31 DEBUG [docker_manager] ComposeUp>  94aa038500ba Downloading [==>                                                ]  83.89MB/1.923GB
2025-05-21 14:24:32 DEBUG [docker_manager] ComposeUp>  94aa038500ba Downloading [==>                                                ]  85.98MB/1.923GB
2025-05-21 14:24:32 DEBUG [docker_manager] ComposeUp>  94aa038500ba Downloading [==>                                                ]  87.03MB/1.923GB
2025-05-21 14:24:32 DEBUG [docker_manager] ComposeUp>  94aa038500ba Downloading [==>                                                ]  87.03MB/1.923GB
2025-05-21 14:24:32 DEBUG [docker_manager] ComposeUp>  94aa038500ba Downloading [==>                                                ]  88.08MB/1.923GB
2025-05-21 14:24:32 DEBUG [docker_manager] ComposeUp>  94aa038500ba Downloading [==>                                                ]  89.13MB/1.923GB
2025-05-21 14:24:32 DEBUG [docker_manager] ComposeUp>  94aa038500ba Downloading [==>                                                ]  90.18MB/1.923GB
2025-05-21 14:24:32 DEBUG [docker_manager] ComposeUp>  94aa038500ba Downloading [==>                                                ]  91.23MB/1.923GB
2025-05-21 14:24:32 DEBUG [docker_manager] ComposeUp>  94aa038500ba Downloading [==>                                                ]  92.27MB/1.923GB
2025-05-21 14:24:32 DEBUG [docker_manager] ComposeUp>  94aa038500ba Downloading [==>                                                ]  93.32MB/1.923GB
2025-05-21 14:24:32 DEBUG [docker_manager] ComposeUp>  94aa038500ba Downloading [==>                                                ]  94.37MB/1.923GB
2025-05-21 14:24:33 DEBUG [docker_manager] ComposeUp>  94aa038500ba Downloading [==>                                                ]  95.42MB/1.923GB
2025-05-21 14:24:33 DEBUG [docker_manager] ComposeUp>  94aa038500ba Downloading [==>                                                ]  96.47MB/1.923GB
2025-05-21 14:24:33 DEBUG [docker_manager] ComposeUp>  94aa038500ba Downloading [==>                                                ]  97.52MB/1.923GB
2025-05-21 14:24:33 DEBUG [docker_manager] ComposeUp>  94aa038500ba Downloading [==>                                                ]  98.57MB/1.923GB
2025-05-21 14:24:33 DEBUG [docker_manager] ComposeUp>  94aa038500ba Downloading [==>                                                ]  99.61MB/1.923GB
2025-05-21 14:24:33 DEBUG [docker_manager] ComposeUp>  94aa038500ba Downloading [==>                                                ]  100.7MB/1.923GB
2025-05-21 14:24:33 DEBUG [docker_manager] ComposeUp>  94aa038500ba Downloading [==>                                                ]  101.7MB/1.923GB
2025-05-21 14:24:33 DEBUG [docker_manager] ComposeUp>  94aa038500ba Downloading [==>                                                ]  102.8MB/1.923GB
2025-05-21 14:24:33 DEBUG [docker_manager] ComposeUp>  94aa038500ba Downloading [==>                                                ]  103.8MB/1.923GB
2025-05-21 14:24:33 DEBUG [docker_manager] ComposeUp>  94aa038500ba Downloading [==>                                                ]  104.9MB/1.923GB
2025-05-21 14:24:34 DEBUG [docker_manager] ComposeUp>  94aa038500ba Downloading [==>                                                ]  105.9MB/1.923GB
2025-05-21 14:24:34 DEBUG [docker_manager] ComposeUp>  94aa038500ba Downloading [==>                                                ]  105.9MB/1.923GB
2025-05-21 14:24:34 DEBUG [docker_manager] ComposeUp>  94aa038500ba Downloading [==>                                                ]    107MB/1.923GB
2025-05-21 14:24:34 DEBUG [docker_manager] ComposeUp>  94aa038500ba Downloading [==>                                                ]    108MB/1.923GB
2025-05-21 14:24:34 DEBUG [docker_manager] ComposeUp>  94aa038500ba Downloading [==>                                                ]  109.1MB/1.923GB
2025-05-21 14:24:34 DEBUG [docker_manager] ComposeUp>  94aa038500ba Downloading [==>                                                ]  110.1MB/1.923GB
2025-05-21 14:24:34 DEBUG [docker_manager] ComposeUp>  94aa038500ba Downloading [==>                                                ]  111.1MB/1.923GB
2025-05-21 14:24:34 DEBUG [docker_manager] ComposeUp>  94aa038500ba Downloading [==>                                                ]  112.2MB/1.923GB
2025-05-21 14:24:34 DEBUG [docker_manager] ComposeUp>  94aa038500ba Downloading [==>                                                ]  113.2MB/1.923GB
2025-05-21 14:24:34 DEBUG [docker_manager] ComposeUp>  94aa038500ba Downloading [==>                                                ]  114.3MB/1.923GB
2025-05-21 14:24:35 DEBUG [docker_manager] ComposeUp>  94aa038500ba Downloading [==>                                                ]  115.3MB/1.923GB
2025-05-21 14:24:35 DEBUG [docker_manager] ComposeUp>  94aa038500ba Downloading [===>                                               ]  116.4MB/1.923GB
2025-05-21 14:24:35 DEBUG [docker_manager] ComposeUp>  94aa038500ba Downloading [===>                                               ]  117.4MB/1.923GB
2025-05-21 14:24:35 DEBUG [docker_manager] ComposeUp>  94aa038500ba Downloading [===>                                               ]  118.5MB/1.923GB
2025-05-21 14:24:35 DEBUG [docker_manager] ComposeUp>  94aa038500ba Downloading [===>                                               ]  119.5MB/1.923GB
2025-05-21 14:24:35 DEBUG [docker_manager] ComposeUp>  94aa038500ba Downloading [===>                                               ]  119.5MB/1.923GB
2025-05-21 14:24:35 DEBUG [docker_manager] ComposeUp>  94aa038500ba Downloading [===>                                               ]  120.6MB/1.923GB
2025-05-21 14:24:35 DEBUG [docker_manager] ComposeUp>  94aa038500ba Downloading [===>                                               ]  121.6MB/1.923GB
2025-05-21 14:24:35 DEBUG [docker_manager] ComposeUp>  94aa038500ba Downloading [===>                                               ]  122.7MB/1.923GB
2025-05-21 14:24:35 DEBUG [docker_manager] ComposeUp>  94aa038500ba Downloading [===>                                               ]  123.7MB/1.923GB
2025-05-21 14:24:36 DEBUG [docker_manager] ComposeUp>  94aa038500ba Downloading [===>                                               ]  124.8MB/1.923GB
2025-05-21 14:24:36 DEBUG [docker_manager] ComposeUp>  94aa038500ba Downloading [===>                                               ]  125.8MB/1.923GB
2025-05-21 14:24:36 DEBUG [docker_manager] ComposeUp>  94aa038500ba Downloading [===>                                               ]  126.9MB/1.923GB
2025-05-21 14:24:36 DEBUG [docker_manager] ComposeUp>  94aa038500ba Downloading [===>                                               ]  127.9MB/1.923GB
2025-05-21 14:24:36 DEBUG [docker_manager] ComposeUp>  94aa038500ba Downloading [===>                                               ]    129MB/1.923GB
2025-05-21 14:24:36 DEBUG [docker_manager] ComposeUp>  94aa038500ba Downloading [===>                                               ]    129MB/1.923GB
2025-05-21 14:24:36 DEBUG [docker_manager] ComposeUp>  94aa038500ba Downloading [===>                                               ]    130MB/1.923GB
2025-05-21 14:24:36 DEBUG [docker_manager] ComposeUp>  94aa038500ba Downloading [===>                                               ]  132.1MB/1.923GB
2025-05-21 14:24:36 DEBUG [docker_manager] ComposeUp>  94aa038500ba Downloading [===>                                               ]  133.2MB/1.923GB
2025-05-21 14:24:36 DEBUG [docker_manager] ComposeUp>  94aa038500ba Downloading [===>                                               ]  134.2MB/1.923GB
2025-05-21 14:24:37 DEBUG [docker_manager] ComposeUp>  94aa038500ba Downloading [===>                                               ]  134.2MB/1.923GB
2025-05-21 14:24:37 DEBUG [docker_manager] ComposeUp>  94aa038500ba Downloading [===>                                               ]  135.3MB/1.923GB
2025-05-21 14:24:37 DEBUG [docker_manager] ComposeUp>  94aa038500ba Downloading [===>                                               ]  136.3MB/1.923GB
2025-05-21 14:24:37 DEBUG [docker_manager] ComposeUp>  94aa038500ba Downloading [===>                                               ]  137.4MB/1.923GB
2025-05-21 14:24:37 DEBUG [docker_manager] ComposeUp>  94aa038500ba Downloading [===>                                               ]  138.4MB/1.923GB
2025-05-21 14:24:37 DEBUG [docker_manager] ComposeUp>  94aa038500ba Downloading [===>                                               ]  139.5MB/1.923GB
2025-05-21 14:24:37 DEBUG [docker_manager] ComposeUp>  94aa038500ba Downloading [===>                                               ]  140.5MB/1.923GB
2025-05-21 14:24:37 DEBUG [docker_manager] ComposeUp>  94aa038500ba Downloading [===>                                               ]  140.5MB/1.923GB
2025-05-21 14:24:37 DEBUG [docker_manager] ComposeUp>  94aa038500ba Downloading [===>                                               ]  141.6MB/1.923GB
2025-05-21 14:24:37 DEBUG [docker_manager] ComposeUp>  94aa038500ba Downloading [===>                                               ]  142.6MB/1.923GB
2025-05-21 14:24:38 DEBUG [docker_manager] ComposeUp>  94aa038500ba Downloading [===>                                               ]  143.7MB/1.923GB
2025-05-21 14:24:38 DEBUG [docker_manager] ComposeUp>  94aa038500ba Downloading [===>                                               ]  144.7MB/1.923GB
2025-05-21 14:24:38 DEBUG [docker_manager] ComposeUp>  94aa038500ba Downloading [===>                                               ]  145.8MB/1.923GB
2025-05-21 14:24:38 DEBUG [docker_manager] ComposeUp>  94aa038500ba Downloading [===>                                               ]  146.8MB/1.923GB
2025-05-21 14:24:38 DEBUG [docker_manager] ComposeUp>  94aa038500ba Downloading [===>                                               ]  146.8MB/1.923GB
2025-05-21 14:24:38 DEBUG [docker_manager] ComposeUp>  94aa038500ba Downloading [===>                                               ]  147.8MB/1.923GB
2025-05-21 14:24:38 DEBUG [docker_manager] ComposeUp>  94aa038500ba Downloading [===>                                               ]  148.9MB/1.923GB
2025-05-21 14:24:38 DEBUG [docker_manager] ComposeUp>  94aa038500ba Downloading [===>                                               ]  149.9MB/1.923GB
2025-05-21 14:24:38 DEBUG [docker_manager] ComposeUp>  94aa038500ba Downloading [===>                                               ]    151MB/1.923GB
2025-05-21 14:24:38 DEBUG [docker_manager] ComposeUp>  94aa038500ba Downloading [===>                                               ]    151MB/1.923GB
2025-05-21 14:24:39 DEBUG [docker_manager] ComposeUp>  94aa038500ba Downloading [===>                                               ]    152MB/1.923GB
2025-05-21 14:24:39 DEBUG [docker_manager] ComposeUp>  94aa038500ba Downloading [===>                                               ]  153.1MB/1.923GB
2025-05-21 14:24:39 DEBUG [docker_manager] ComposeUp>  94aa038500ba Downloading [====>                                              ]  154.1MB/1.923GB
2025-05-21 14:24:39 DEBUG [docker_manager] ComposeUp>  94aa038500ba Downloading [====>                                              ]  155.2MB/1.923GB
2025-05-21 14:24:39 DEBUG [docker_manager] ComposeUp>  94aa038500ba Downloading [====>                                              ]  155.2MB/1.923GB
2025-05-21 14:24:39 DEBUG [docker_manager] ComposeUp>  94aa038500ba Downloading [====>                                              ]  156.2MB/1.923GB
2025-05-21 14:24:39 DEBUG [docker_manager] ComposeUp>  94aa038500ba Downloading [====>                                              ]  157.3MB/1.923GB
2025-05-21 14:24:39 DEBUG [docker_manager] ComposeUp>  94aa038500ba Downloading [====>                                              ]  158.3MB/1.923GB
2025-05-21 14:24:39 DEBUG [docker_manager] ComposeUp>  94aa038500ba Downloading [====>                                              ]  159.4MB/1.923GB
2025-05-21 14:24:39 DEBUG [docker_manager] ComposeUp>  94aa038500ba Downloading [====>                                              ]  160.4MB/1.923GB
2025-05-21 14:24:40 DEBUG [docker_manager] ComposeUp>  94aa038500ba Downloading [====>                                              ]  161.5MB/1.923GB
2025-05-21 14:24:40 DEBUG [docker_manager] ComposeUp>  94aa038500ba Downloading [====>                                              ]  161.5MB/1.923GB
2025-05-21 14:24:40 DEBUG [docker_manager] ComposeUp>  94aa038500ba Downloading [====>                                              ]  162.5MB/1.923GB
2025-05-21 14:24:40 DEBUG [docker_manager] ComposeUp>  94aa038500ba Downloading [====>                                              ]  163.6MB/1.923GB
2025-05-21 14:24:40 DEBUG [docker_manager] ComposeUp>  94aa038500ba Downloading [====>                                              ]  164.6MB/1.923GB
2025-05-21 14:24:40 DEBUG [docker_manager] ComposeUp>  94aa038500ba Downloading [====>                                              ]  165.7MB/1.923GB
2025-05-21 14:24:40 DEBUG [docker_manager] ComposeUp>  94aa038500ba Downloading [====>                                              ]  166.7MB/1.923GB
2025-05-21 14:24:40 DEBUG [docker_manager] ComposeUp>  94aa038500ba Downloading [====>                                              ]  167.8MB/1.923GB
2025-05-21 14:24:40 DEBUG [docker_manager] ComposeUp>  94aa038500ba Downloading [====>                                              ]  168.8MB/1.923GB
2025-05-21 14:24:40 DEBUG [docker_manager] ComposeUp>  94aa038500ba Downloading [====>                                              ]  168.8MB/1.923GB
2025-05-21 14:24:41 DEBUG [docker_manager] ComposeUp>  94aa038500ba Downloading [====>                                              ]  169.9MB/1.923GB
2025-05-21 14:24:41 DEBUG [docker_manager] ComposeUp>  94aa038500ba Downloading [====>                                              ]  170.9MB/1.923GB
2025-05-21 14:24:41 DEBUG [docker_manager] ComposeUp>  94aa038500ba Downloading [====>                                              ]    172MB/1.923GB
2025-05-21 14:24:41 DEBUG [docker_manager] ComposeUp>  94aa038500ba Downloading [====>                                              ]    173MB/1.923GB
2025-05-21 14:24:41 DEBUG [docker_manager] ComposeUp>  94aa038500ba Downloading [====>                                              ]    173MB/1.923GB
2025-05-21 14:24:41 DEBUG [docker_manager] ComposeUp>  94aa038500ba Downloading [====>                                              ]  174.1MB/1.923GB
2025-05-21 14:24:41 DEBUG [docker_manager] ComposeUp>  94aa038500ba Downloading [====>                                              ]  175.1MB/1.923GB
2025-05-21 14:24:41 DEBUG [docker_manager] ComposeUp>  94aa038500ba Downloading [====>                                              ]  176.2MB/1.923GB
2025-05-21 14:24:41 DEBUG [docker_manager] ComposeUp>  94aa038500ba Downloading [====>                                              ]  177.2MB/1.923GB
2025-05-21 14:24:41 DEBUG [docker_manager] ComposeUp>  94aa038500ba Downloading [====>                                              ]  177.2MB/1.923GB
2025-05-21 14:24:42 DEBUG [docker_manager] ComposeUp>  94aa038500ba Downloading [====>                                              ]  178.3MB/1.923GB
2025-05-21 14:24:42 DEBUG [docker_manager] ComposeUp>  94aa038500ba Downloading [====>                                              ]  179.3MB/1.923GB
2025-05-21 14:24:42 DEBUG [docker_manager] ComposeUp>  94aa038500ba Downloading [====>                                              ]  180.4MB/1.923GB
2025-05-21 14:24:42 DEBUG [docker_manager] ComposeUp>  94aa038500ba Downloading [====>                                              ]  180.4MB/1.923GB
2025-05-21 14:24:42 DEBUG [docker_manager] ComposeUp>  94aa038500ba Downloading [====>                                              ]  181.4MB/1.923GB
2025-05-21 14:24:42 DEBUG [docker_manager] ComposeUp>  94aa038500ba Downloading [====>                                              ]  182.5MB/1.923GB
2025-05-21 14:24:42 DEBUG [docker_manager] ComposeUp>  94aa038500ba Downloading [====>                                              ]  183.5MB/1.923GB
2025-05-21 14:24:42 DEBUG [docker_manager] ComposeUp>  94aa038500ba Downloading [====>                                              ]  184.5MB/1.923GB
2025-05-21 14:24:42 DEBUG [docker_manager] ComposeUp>  94aa038500ba Downloading [====>                                              ]  185.6MB/1.923GB
2025-05-21 14:24:42 DEBUG [docker_manager] ComposeUp>  94aa038500ba Downloading [====>                                              ]  186.6MB/1.923GB
2025-05-21 14:24:43 DEBUG [docker_manager] ComposeUp>  94aa038500ba Downloading [====>                                              ]  186.6MB/1.923GB
2025-05-21 14:24:43 DEBUG [docker_manager] ComposeUp>  94aa038500ba Downloading [====>                                              ]  187.7MB/1.923GB
2025-05-21 14:24:43 DEBUG [docker_manager] ComposeUp>  94aa038500ba Downloading [====>                                              ]  188.7MB/1.923GB
2025-05-21 14:24:43 DEBUG [docker_manager] ComposeUp>  94aa038500ba Downloading [====>                                              ]  189.8MB/1.923GB
2025-05-21 14:24:43 DEBUG [docker_manager] ComposeUp>  94aa038500ba Downloading [====>                                              ]  190.8MB/1.923GB
2025-05-21 14:24:43 DEBUG [docker_manager] ComposeUp>  94aa038500ba Downloading [====>                                              ]  191.9MB/1.923GB
2025-05-21 14:24:43 DEBUG [docker_manager] ComposeUp>  94aa038500ba Downloading [=====>                                             ]  192.9MB/1.923GB
2025-05-21 14:24:43 DEBUG [docker_manager] ComposeUp>  94aa038500ba Downloading [=====>                                             ]    194MB/1.923GB
2025-05-21 14:24:43 DEBUG [docker_manager] ComposeUp>  94aa038500ba Downloading [=====>                                             ]    195MB/1.923GB
2025-05-21 14:24:43 DEBUG [docker_manager] ComposeUp>  94aa038500ba Downloading [=====>                                             ]  196.1MB/1.923GB
2025-05-21 14:24:44 DEBUG [docker_manager] ComposeUp>  94aa038500ba Downloading [=====>                                             ]  196.1MB/1.923GB
2025-05-21 14:24:44 DEBUG [docker_manager] ComposeUp>  94aa038500ba Downloading [=====>                                             ]  197.1MB/1.923GB
2025-05-21 14:24:44 DEBUG [docker_manager] ComposeUp>  94aa038500ba Downloading [=====>                                             ]  198.2MB/1.923GB
2025-05-21 14:24:44 DEBUG [docker_manager] ComposeUp>  94aa038500ba Downloading [=====>                                             ]  199.2MB/1.923GB
2025-05-21 14:24:44 DEBUG [docker_manager] ComposeUp>  94aa038500ba Downloading [=====>                                             ]  200.3MB/1.923GB
2025-05-21 14:24:44 DEBUG [docker_manager] ComposeUp>  94aa038500ba Downloading [=====>                                             ]  200.3MB/1.923GB
2025-05-21 14:24:44 DEBUG [docker_manager] ComposeUp>  94aa038500ba Downloading [=====>                                             ]  201.3MB/1.923GB
2025-05-21 14:24:44 DEBUG [docker_manager] ComposeUp>  94aa038500ba Downloading [=====>                                             ]  202.4MB/1.923GB
2025-05-21 14:24:44 DEBUG [docker_manager] ComposeUp>  94aa038500ba Downloading [=====>                                             ]  203.4MB/1.923GB
2025-05-21 14:24:44 DEBUG [docker_manager] ComposeUp>  94aa038500ba Downloading [=====>                                             ]  203.4MB/1.923GB
2025-05-21 14:24:45 DEBUG [docker_manager] ComposeUp>  94aa038500ba Downloading [=====>                                             ]  204.5MB/1.923GB
2025-05-21 14:24:45 DEBUG [docker_manager] ComposeUp>  94aa038500ba Downloading [=====>                                             ]  205.5MB/1.923GB
2025-05-21 14:24:45 DEBUG [docker_manager] ComposeUp>  94aa038500ba Downloading [=====>                                             ]  206.6MB/1.923GB
2025-05-21 14:24:45 DEBUG [docker_manager] ComposeUp>  94aa038500ba Downloading [=====>                                             ]  206.6MB/1.923GB
2025-05-21 14:24:45 DEBUG [docker_manager] ComposeUp>  94aa038500ba Downloading [=====>                                             ]  207.6MB/1.923GB
2025-05-21 14:24:45 DEBUG [docker_manager] ComposeUp>  94aa038500ba Downloading [=====>                                             ]  208.7MB/1.923GB
2025-05-21 14:24:45 DEBUG [docker_manager] ComposeUp>  94aa038500ba Downloading [=====>                                             ]  208.7MB/1.923GB
2025-05-21 14:24:45 DEBUG [docker_manager] ComposeUp>  94aa038500ba Downloading [=====>                                             ]  209.7MB/1.923GB
2025-05-21 14:24:45 DEBUG [docker_manager] ComposeUp>  94aa038500ba Downloading [=====>                                             ]  210.8MB/1.923GB
2025-05-21 14:24:45 DEBUG [docker_manager] ComposeUp>  94aa038500ba Downloading [=====>                                             ]  211.8MB/1.923GB
2025-05-21 14:24:46 DEBUG [docker_manager] ComposeUp>  94aa038500ba Downloading [=====>                                             ]  212.9MB/1.923GB
2025-05-21 14:24:46 DEBUG [docker_manager] ComposeUp>  94aa038500ba Downloading [=====>                                             ]  212.9MB/1.923GB
2025-05-21 14:24:46 DEBUG [docker_manager] ComposeUp>  94aa038500ba Downloading [=====>                                             ]  213.9MB/1.923GB
2025-05-21 14:24:46 DEBUG [docker_manager] ComposeUp>  94aa038500ba Downloading [=====>                                             ]    215MB/1.923GB
2025-05-21 14:24:46 DEBUG [docker_manager] ComposeUp>  94aa038500ba Downloading [=====>                                             ]    216MB/1.923GB
2025-05-21 14:24:46 DEBUG [docker_manager] ComposeUp>  94aa038500ba Downloading [=====>                                             ]  217.1MB/1.923GB
2025-05-21 14:24:46 DEBUG [docker_manager] ComposeUp>  94aa038500ba Downloading [=====>                                             ]  218.1MB/1.923GB
2025-05-21 14:24:46 DEBUG [docker_manager] ComposeUp>  94aa038500ba Downloading [=====>                                             ]  218.1MB/1.923GB
2025-05-21 14:24:46 DEBUG [docker_manager] ComposeUp>  94aa038500ba Downloading [=====>                                             ]  219.2MB/1.923GB
2025-05-21 14:24:46 DEBUG [docker_manager] ComposeUp>  94aa038500ba Downloading [=====>                                             ]  220.2MB/1.923GB
2025-05-21 14:24:47 DEBUG [docker_manager] ComposeUp>  94aa038500ba Downloading [=====>                                             ]  221.2MB/1.923GB
2025-05-21 14:24:47 DEBUG [docker_manager] ComposeUp>  94aa038500ba Downloading [=====>                                             ]  221.2MB/1.923GB
2025-05-21 14:24:47 DEBUG [docker_manager] ComposeUp>  94aa038500ba Downloading [=====>                                             ]  222.3MB/1.923GB
2025-05-21 14:24:47 DEBUG [docker_manager] ComposeUp>  94aa038500ba Downloading [=====>                                             ]  223.3MB/1.923GB
2025-05-21 14:24:47 DEBUG [docker_manager] ComposeUp>  94aa038500ba Downloading [=====>                                             ]  224.4MB/1.923GB
2025-05-21 14:24:47 DEBUG [docker_manager] ComposeUp>  94aa038500ba Downloading [=====>                                             ]  224.4MB/1.923GB
2025-05-21 14:24:47 DEBUG [docker_manager] ComposeUp>  94aa038500ba Downloading [=====>                                             ]  225.4MB/1.923GB
2025-05-21 14:24:47 DEBUG [docker_manager] ComposeUp>  94aa038500ba Downloading [=====>                                             ]  226.5MB/1.923GB
2025-05-21 14:24:47 DEBUG [docker_manager] ComposeUp>  94aa038500ba Downloading [=====>                                             ]  227.5MB/1.923GB
2025-05-21 14:24:47 DEBUG [docker_manager] ComposeUp>  94aa038500ba Downloading [=====>                                             ]  227.5MB/1.923GB
2025-05-21 14:24:48 DEBUG [docker_manager] ComposeUp>  94aa038500ba Downloading [=====>                                             ]  228.6MB/1.923GB
2025-05-21 14:24:48 DEBUG [docker_manager] ComposeUp>  94aa038500ba Downloading [=====>                                             ]  229.6MB/1.923GB
2025-05-21 14:24:48 DEBUG [docker_manager] ComposeUp>  94aa038500ba Downloading [=====>                                             ]  230.7MB/1.923GB
2025-05-21 14:24:48 DEBUG [docker_manager] ComposeUp>  94aa038500ba Downloading [=====>                                             ]  230.7MB/1.923GB
2025-05-21 14:24:48 DEBUG [docker_manager] ComposeUp>  94aa038500ba Downloading [======>                                            ]  231.7MB/1.923GB
2025-05-21 14:24:48 DEBUG [docker_manager] ComposeUp>  94aa038500ba Downloading [======>                                            ]  232.8MB/1.923GB
2025-05-21 14:24:48 DEBUG [docker_manager] ComposeUp>  94aa038500ba Downloading [======>                                            ]  233.8MB/1.923GB
2025-05-21 14:24:48 DEBUG [docker_manager] ComposeUp>  94aa038500ba Downloading [======>                                            ]  234.9MB/1.923GB
2025-05-21 14:24:48 DEBUG [docker_manager] ComposeUp>  94aa038500ba Downloading [======>                                            ]  234.9MB/1.923GB
2025-05-21 14:24:48 DEBUG [docker_manager] ComposeUp>  94aa038500ba Downloading [======>                                            ]  235.9MB/1.923GB
2025-05-21 14:24:49 DEBUG [docker_manager] ComposeUp>  94aa038500ba Downloading [======>                                            ]    237MB/1.923GB
2025-05-21 14:24:49 DEBUG [docker_manager] ComposeUp>  94aa038500ba Downloading [======>                                            ]    238MB/1.923GB
2025-05-21 14:24:49 DEBUG [docker_manager] ComposeUp>  94aa038500ba Downloading [======>                                            ]    238MB/1.923GB
2025-05-21 14:24:49 DEBUG [docker_manager] ComposeUp>  94aa038500ba Downloading [======>                                            ]  239.1MB/1.923GB
2025-05-21 14:24:49 DEBUG [docker_manager] ComposeUp>  94aa038500ba Downloading [======>                                            ]  240.1MB/1.923GB
2025-05-21 14:24:49 DEBUG [docker_manager] ComposeUp>  94aa038500ba Downloading [======>                                            ]  241.2MB/1.923GB
2025-05-21 14:24:49 DEBUG [docker_manager] ComposeUp>  94aa038500ba Downloading [======>                                            ]  241.2MB/1.923GB
2025-05-21 14:24:49 DEBUG [docker_manager] ComposeUp>  94aa038500ba Downloading [======>                                            ]  242.2MB/1.923GB
2025-05-21 14:24:49 DEBUG [docker_manager] ComposeUp>  94aa038500ba Downloading [======>                                            ]  243.3MB/1.923GB
2025-05-21 14:24:49 DEBUG [docker_manager] ComposeUp>  94aa038500ba Downloading [======>                                            ]  244.3MB/1.923GB
2025-05-21 14:24:50 DEBUG [docker_manager] ComposeUp>  94aa038500ba Downloading [======>                                            ]  244.3MB/1.923GB
2025-05-21 14:24:50 DEBUG [docker_manager] ComposeUp>  94aa038500ba Downloading [======>                                            ]  245.4MB/1.923GB
2025-05-21 14:24:50 DEBUG [docker_manager] ComposeUp>  94aa038500ba Downloading [======>                                            ]  246.4MB/1.923GB
2025-05-21 14:24:50 DEBUG [docker_manager] ComposeUp>  94aa038500ba Downloading [======>                                            ]  247.5MB/1.923GB
2025-05-21 14:24:50 DEBUG [docker_manager] ComposeUp>  94aa038500ba Downloading [======>                                            ]  247.5MB/1.923GB
2025-05-21 14:24:50 DEBUG [docker_manager] ComposeUp>  94aa038500ba Downloading [======>                                            ]  248.5MB/1.923GB
2025-05-21 14:24:50 DEBUG [docker_manager] ComposeUp>  94aa038500ba Downloading [======>                                            ]  249.6MB/1.923GB
2025-05-21 14:24:50 DEBUG [docker_manager] ComposeUp>  94aa038500ba Downloading [======>                                            ]  250.6MB/1.923GB
2025-05-21 14:24:50 DEBUG [docker_manager] ComposeUp>  94aa038500ba Downloading [======>                                            ]  251.7MB/1.923GB
2025-05-21 14:24:50 DEBUG [docker_manager] ComposeUp>  94aa038500ba Downloading [======>                                            ]  252.7MB/1.923GB
2025-05-21 14:24:51 DEBUG [docker_manager] ComposeUp>  94aa038500ba Downloading [======>                                            ]  252.7MB/1.923GB
2025-05-21 14:24:51 DEBUG [docker_manager] ComposeUp>  94aa038500ba Downloading [======>                                            ]  253.8MB/1.923GB
2025-05-21 14:24:51 DEBUG [docker_manager] ComposeUp>  94aa038500ba Downloading [======>                                            ]  254.8MB/1.923GB
2025-05-21 14:24:51 DEBUG [docker_manager] ComposeUp>  94aa038500ba Downloading [======>                                            ]  255.9MB/1.923GB
2025-05-21 14:24:51 DEBUG [docker_manager] ComposeUp>  94aa038500ba Downloading [======>                                            ]  255.9MB/1.923GB
2025-05-21 14:24:51 DEBUG [docker_manager] ComposeUp>  94aa038500ba Downloading [======>                                            ]  256.9MB/1.923GB
2025-05-21 14:24:51 DEBUG [docker_manager] ComposeUp>  94aa038500ba Downloading [======>                                            ]  257.9MB/1.923GB
2025-05-21 14:24:51 DEBUG [docker_manager] ComposeUp>  94aa038500ba Downloading [======>                                            ]    259MB/1.923GB
2025-05-21 14:24:51 DEBUG [docker_manager] ComposeUp>  94aa038500ba Downloading [======>                                            ]    260MB/1.923GB
2025-05-21 14:24:51 DEBUG [docker_manager] ComposeUp>  94aa038500ba Downloading [======>                                            ]    260MB/1.923GB
2025-05-21 14:24:52 DEBUG [docker_manager] ComposeUp>  94aa038500ba Downloading [======>                                            ]  261.1MB/1.923GB
2025-05-21 14:24:52 DEBUG [docker_manager] ComposeUp>  94aa038500ba Downloading [======>                                            ]  262.1MB/1.923GB
2025-05-21 14:24:52 DEBUG [docker_manager] ComposeUp>  94aa038500ba Downloading [======>                                            ]  263.2MB/1.923GB
2025-05-21 14:24:52 DEBUG [docker_manager] ComposeUp>  94aa038500ba Downloading [======>                                            ]  263.2MB/1.923GB
2025-05-21 14:24:52 DEBUG [docker_manager] ComposeUp>  94aa038500ba Downloading [======>                                            ]  264.2MB/1.923GB
2025-05-21 14:24:52 DEBUG [docker_manager] ComposeUp>  94aa038500ba Downloading [======>                                            ]  265.3MB/1.923GB
2025-05-21 14:24:52 DEBUG [docker_manager] ComposeUp>  94aa038500ba Downloading [======>                                            ]  266.3MB/1.923GB
2025-05-21 14:24:52 DEBUG [docker_manager] ComposeUp>  94aa038500ba Downloading [======>                                            ]  267.4MB/1.923GB
2025-05-21 14:24:52 DEBUG [docker_manager] ComposeUp>  94aa038500ba Downloading [======>                                            ]  268.4MB/1.923GB
2025-05-21 14:24:52 DEBUG [docker_manager] ComposeUp>  94aa038500ba Downloading [=======>                                           ]  269.5MB/1.923GB
2025-05-21 14:24:53 DEBUG [docker_manager] ComposeUp>  94aa038500ba Downloading [=======>                                           ]  270.5MB/1.923GB
2025-05-21 14:24:53 DEBUG [docker_manager] ComposeUp>  94aa038500ba Downloading [=======>                                           ]  271.6MB/1.923GB
2025-05-21 14:24:53 DEBUG [docker_manager] ComposeUp>  94aa038500ba Downloading [=======>                                           ]  273.7MB/1.923GB
2025-05-21 14:24:53 DEBUG [docker_manager] ComposeUp>  94aa038500ba Downloading [=======>                                           ]  274.7MB/1.923GB
2025-05-21 14:24:53 DEBUG [docker_manager] ComposeUp>  94aa038500ba Downloading [=======>                                           ]  275.8MB/1.923GB
2025-05-21 14:24:53 DEBUG [docker_manager] ComposeUp>  94aa038500ba Downloading [=======>                                           ]  276.8MB/1.923GB
2025-05-21 14:24:53 DEBUG [docker_manager] ComposeUp>  94aa038500ba Downloading [=======>                                           ]  277.9MB/1.923GB
2025-05-21 14:24:53 DEBUG [docker_manager] ComposeUp>  94aa038500ba Downloading [=======>                                           ]  278.9MB/1.923GB
2025-05-21 14:24:53 DEBUG [docker_manager] ComposeUp>  94aa038500ba Downloading [=======>                                           ]    280MB/1.923GB
2025-05-21 14:24:53 DEBUG [docker_manager] ComposeUp>  94aa038500ba Downloading [=======>                                           ]    280MB/1.923GB
2025-05-21 14:24:54 DEBUG [docker_manager] ComposeUp>  94aa038500ba Downloading [=======>                                           ]    281MB/1.923GB
2025-05-21 14:24:54 DEBUG [docker_manager] ComposeUp>  94aa038500ba Downloading [=======>                                           ]  282.1MB/1.923GB
2025-05-21 14:24:54 DEBUG [docker_manager] ComposeUp>  94aa038500ba Downloading [=======>                                           ]  284.2MB/1.923GB
2025-05-21 14:24:54 DEBUG [docker_manager] ComposeUp>  94aa038500ba Downloading [=======>                                           ]  285.2MB/1.923GB
2025-05-21 14:24:54 DEBUG [docker_manager] ComposeUp>  94aa038500ba Downloading [=======>                                           ]  286.3MB/1.923GB
2025-05-21 14:24:54 DEBUG [docker_manager] ComposeUp>  94aa038500ba Downloading [=======>                                           ]  287.3MB/1.923GB
2025-05-21 14:24:54 DEBUG [docker_manager] ComposeUp>  94aa038500ba Downloading [=======>                                           ]  288.4MB/1.923GB
2025-05-21 14:24:54 DEBUG [docker_manager] ComposeUp>  94aa038500ba Downloading [=======>                                           ]  289.4MB/1.923GB
2025-05-21 14:24:54 DEBUG [docker_manager] ComposeUp>  94aa038500ba Downloading [=======>                                           ]  290.5MB/1.923GB
2025-05-21 14:24:54 DEBUG [docker_manager] ComposeUp>  94aa038500ba Downloading [=======>                                           ]  291.5MB/1.923GB
2025-05-21 14:24:55 DEBUG [docker_manager] ComposeUp>  94aa038500ba Downloading [=======>                                           ]  292.6MB/1.923GB
2025-05-21 14:24:55 DEBUG [docker_manager] ComposeUp>  94aa038500ba Downloading [=======>                                           ]  293.6MB/1.923GB
2025-05-21 14:24:55 DEBUG [docker_manager] ComposeUp>  94aa038500ba Downloading [=======>                                           ]  294.6MB/1.923GB
2025-05-21 14:24:55 DEBUG [docker_manager] ComposeUp>  94aa038500ba Downloading [=======>                                           ]  295.7MB/1.923GB
2025-05-21 14:24:55 DEBUG [docker_manager] ComposeUp>  94aa038500ba Downloading [=======>                                           ]  296.7MB/1.923GB
2025-05-21 14:24:55 DEBUG [docker_manager] ComposeUp>  94aa038500ba Downloading [=======>                                           ]  297.8MB/1.923GB
2025-05-21 14:24:55 DEBUG [docker_manager] ComposeUp>  94aa038500ba Downloading [=======>                                           ]  298.8MB/1.923GB
2025-05-21 14:24:55 DEBUG [docker_manager] ComposeUp>  94aa038500ba Downloading [=======>                                           ]  299.9MB/1.923GB
